[    0.000000] Linux version 4.15.0-212-generic (buildd@lcy02-amd64-083) (gcc version 7.5.0 (Ubuntu 7.5.0-3ubuntu1~18.04)) #223-Ubuntu SMP Tue May 23 13:09:22 UTC 2023 (Ubuntu 4.15.0-212.223-generic 4.15.18)
[    0.000000] Command line: BOOT_IMAGE=/boot/vmlinuz-4.15.0-212-generic root=LABEL=cloudimg-rootfs ro console=tty1 console=ttyS0
[    0.000000] KERNEL supported cpus:
[    0.000000]   Intel GenuineIntel
[    0.000000]   AMD AuthenticAMD
[    0.000000]   Centaur CentaurHauls
[    0.000000] x86/fpu: x87 FPU will use FXSAVE
[    0.000000] e820: BIOS-provided physical RAM map:
[    0.000000] BIOS-e820: [mem 0x0000000000000000-0x000000000009fbff] usable
[    0.000000] BIOS-e820: [mem 0x000000000009fc00-0x000000000009ffff] reserved
[    0.000000] BIOS-e820: [mem 0x00000000000f0000-0x00000000000fffff] reserved
[    0.000000] BIOS-e820: [mem 0x0000000000100000-0x000000001ffeffff] usable
[    0.000000] BIOS-e820: [mem 0x000000001fff0000-0x000000001fffffff] ACPI data
[    0.000000] BIOS-e820: [mem 0x00000000fec00000-0x00000000fec00fff] reserved
[    0.000000] BIOS-e820: [mem 0x00000000fee00000-0x00000000fee00fff] reserved
[    0.000000] BIOS-e820: [mem 0x00000000fffc0000-0x00000000ffffffff] reserved
[    0.000000] NX (Execute Disable) protection: active
[    0.000000] SMBIOS 2.5 present.
[    0.000000] DMI: innotek GmbH VirtualBox/VirtualBox, BIOS VirtualBox 12/01/2006
[    0.000000] Hypervisor detected: KVM
[    0.000000] e820: last_pfn = 0x1fff0 max_arch_pfn = 0x400000000
[    0.000000] MTRR: Disabled
[    0.000000] x86/PAT: MTRRs disabled, skipping PAT initialization too.
[    0.000000] CPU MTRRs all blank - virtualized system.
[    0.000000] x86/PAT: Configuration [0-7]: WB  WT  UC- UC  WB  WT  UC- UC  
[    0.000000] found SMP MP-table at [mem 0x0009fff0-0x0009ffff]
[    0.000000] Scanning 1 areas for low memory corruption
[    0.000000] RAMDISK: [mem 0x1db01000-0x1ee12fff]
[    0.000000] ACPI: Early table checksum verification disabled
[    0.000000] ACPI: RSDP 0x00000000000E0000 000024 (v02 VBOX  )
[    0.000000] ACPI: XSDT 0x000000001FFF0030 00003C (v01 VBOX   VBOXXSDT 00000001 ASL  00000061)
[    0.000000] ACPI: FACP 0x000000001FFF00F0 0000F4 (v04 VBOX   VBOXFACP 00000001 ASL  00000061)
[    0.000000] ACPI: DSDT 0x000000001FFF0610 002353 (v02 VBOX   VBOXBIOS 00000002 INTL 20100528)
[    0.000000] ACPI: FACS 0x000000001FFF0200 000040
[    0.000000] ACPI: FACS 0x000000001FFF0200 000040
[    0.000000] ACPI: APIC 0x000000001FFF0240 00005C (v02 VBOX   VBOXAPIC 00000001 ASL  00000061)
[    0.000000] ACPI: SSDT 0x000000001FFF02A0 00036C (v01 VBOX   VBOXCPUT 00000002 INTL 20100528)
[    0.000000] ACPI: Reserving FACP table memory at [mem 0x1fff00f0-0x1fff01e3]
[    0.000000] ACPI: Reserving DSDT table memory at [mem 0x1fff0610-0x1fff2962]
[    0.000000] ACPI: Reserving FACS table memory at [mem 0x1fff0200-0x1fff023f]
[    0.000000] ACPI: Reserving FACS table memory at [mem 0x1fff0200-0x1fff023f]
[    0.000000] ACPI: Reserving APIC table memory at [mem 0x1fff0240-0x1fff029b]
[    0.000000] ACPI: Reserving SSDT table memory at [mem 0x1fff02a0-0x1fff060b]
[    0.000000] No NUMA configuration found
[    0.000000] Faking a node at [mem 0x0000000000000000-0x000000001ffeffff]
[    0.000000] NODE_DATA(0) allocated [mem 0x1ffc5000-0x1ffeffff]
[    0.000000] kvm-clock: cpu 0, msr 0:1ff44001, primary cpu clock
[    0.000000] kvm-clock: Using msrs 4b564d01 and 4b564d00
[    0.000000] kvm-clock: using sched offset of 3920284543 cycles
[    0.000000] clocksource: kvm-clock: mask: 0xffffffffffffffff max_cycles: 0x1cd42e4dffb, max_idle_ns: 881590591483 ns
[    0.000000] Zone ranges:
[    0.000000]   DMA      [mem 0x0000000000001000-0x0000000000ffffff]
[    0.000000]   DMA32    [mem 0x0000000001000000-0x000000001ffeffff]
[    0.000000]   Normal   empty
[    0.000000]   Device   empty
[    0.000000] Movable zone start for each node
[    0.000000] Early memory node ranges
[    0.000000]   node   0: [mem 0x0000000000001000-0x000000000009efff]
[    0.000000]   node   0: [mem 0x0000000000100000-0x000000001ffeffff]
[    0.000000] Reserved but unavailable: 104 pages
[    0.000000] Initmem setup node 0 [mem 0x0000000000001000-0x000000001ffeffff]
[    0.000000] ACPI: PM-Timer IO Port: 0x4008
[    0.000000] IOAPIC[0]: apic_id 2, version 32, address 0xfec00000, GSI 0-23
[    0.000000] ACPI: INT_SRC_OVR (bus 0 bus_irq 0 global_irq 2 dfl dfl)
[    0.000000] ACPI: INT_SRC_OVR (bus 0 bus_irq 9 global_irq 9 low level)
[    0.000000] Using ACPI (MADT) for SMP configuration information
[    0.000000] smpboot: Allowing 2 CPUs, 0 hotplug CPUs
[    0.000000] PM: Registered nosave memory: [mem 0x00000000-0x00000fff]
[    0.000000] PM: Registered nosave memory: [mem 0x0009f000-0x0009ffff]
[    0.000000] PM: Registered nosave memory: [mem 0x000a0000-0x000effff]
[    0.000000] PM: Registered nosave memory: [mem 0x000f0000-0x000fffff]
[    0.000000] e820: [mem 0x20000000-0xfebfffff] available for PCI devices
[    0.000000] Booting paravirtualized kernel on KVM
[    0.000000] clocksource: refined-jiffies: mask: 0xffffffff max_cycles: 0xffffffff, max_idle_ns: 7645519600211568 ns
[    0.000000] setup_percpu: NR_CPUS:8192 nr_cpumask_bits:2 nr_cpu_ids:2 nr_node_ids:1
[    0.000000] percpu: Embedded 50 pages/cpu s167936 r8192 d28672 u1048576
[    0.000000] PV qspinlock hash table entries: 256 (order: 0, 4096 bytes)
[    0.000000] Built 1 zonelists, mobility grouping on.  Total pages: 128889
[    0.000000] Policy zone: DMA32
[    0.000000] Kernel command line: BOOT_IMAGE=/boot/vmlinuz-4.15.0-212-generic root=LABEL=cloudimg-rootfs ro console=tty1 console=ttyS0
[    0.000000] Memory: 466548K/523832K available (12300K kernel code, 2477K rwdata, 4324K rodata, 2480K init, 2720K bss, 57284K reserved, 0K cma-reserved)
[    0.000000] SLUB: HWalign=64, Order=0-3, MinObjects=0, CPUs=2, Nodes=1
[    0.000000] Kernel/User page tables isolation: enabled
[    0.000000] ftrace: allocating 39508 entries in 155 pages
[    0.004000] Hierarchical RCU implementation.
[    0.004000] 	RCU restricting CPUs from NR_CPUS=8192 to nr_cpu_ids=2.
[    0.004000] 	Tasks RCU enabled.
[    0.004000] RCU: Adjusting geometry for rcu_fanout_leaf=16, nr_cpu_ids=2
[    0.004000] NR_IRQS: 524544, nr_irqs: 440, preallocated irqs: 16
[    0.004000] random: crng init done
[    0.004000] Console: colour VGA+ 80x25
[    0.004000] console [tty1] enabled
[    0.004000] console [ttyS0] enabled
[    0.004000] ACPI: Core revision 20170831
[    0.004000] ACPI: 2 ACPI AML tables successfully acquired and loaded
[    0.004000] APIC: Switch to symmetric I/O mode setup
[    0.008000] ..TIMER: vector=0x30 apic1=0 pin1=2 apic2=-1 pin2=-1
[    0.008004] tsc: Detected 2111.998 MHz processor
[    0.012009] Calibrating delay loop (skipped) preset value.. 4223.99 BogoMIPS (lpj=8447992)
[    0.016002] pid_max: default: 32768 minimum: 301
[    0.020027] Security Framework initialized
[    0.024002] Yama: becoming mindful.
[    0.028020] AppArmor: AppArmor initialized
[    0.032078] Dentry cache hash table entries: 65536 (order: 7, 524288 bytes)
[    0.036036] Inode-cache hash table entries: 32768 (order: 6, 262144 bytes)
[    0.040009] Mount-cache hash table entries: 1024 (order: 1, 8192 bytes)
[    0.044004] Mountpoint-cache hash table entries: 1024 (order: 1, 8192 bytes)
[    0.050023] Last level iTLB entries: 4KB 64, 2MB 8, 4MB 8
[    0.052002] Last level dTLB entries: 4KB 64, 2MB 0, 4MB 0, 1GB 4
[    0.056003] Spectre V1 : Mitigation: usercopy/swapgs barriers and __user pointer sanitization
[    0.060002] Spectre V2 : Mitigation: Retpolines
[    0.064002] Spectre V2 : Spectre v2 / SpectreRSB mitigation: Filling RSB on context switch
[    0.068001] Spectre V2 : Spectre v2 / SpectreRSB : Filling RSB on VMEXIT
[    0.072002] RETBleed: WARNING: Spectre v2 mitigation leaves CPU vulnerable to RETBleed attacks, data leaks possible!
[    0.076002] RETBleed: Vulnerable
[    0.080002] Speculative Store Bypass: Vulnerable
[    0.084110] MDS: Mitigation: Clear CPU buffers
[    0.088002] MMIO Stale Data: Mitigation: Clear CPU buffers
[    0.096003] SRBDS: Unknown: Dependent on hypervisor status
[    0.100133] Freeing SMP alternatives memory: 36K
[    0.220929] APIC calibration not consistent with PM-Timer: 103ms instead of 100ms
[    0.224000] APIC delta adjusted to PM-Timer: 6304214 (6546887)
[    0.224410] smpboot: CPU0: Intel(R) Core(TM) i7-8650U CPU @ 1.90GHz (family: 0x6, model: 0x8e, stepping: 0xa)
[    0.228069] Performance Events: unsupported p6 CPU model 142 no PMU driver, software events only.
[    0.232030] Hierarchical SRCU implementation.
[    0.236462] NMI watchdog: Perf event create on CPU 0 failed with -2
[    0.240002] NMI watchdog: Perf NMI watchdog permanently disabled
[    0.244036] smp: Bringing up secondary CPUs ...
[    0.248063] x86: Booting SMP configuration:
[    0.252002] .... node  #0, CPUs:      #1
[    0.004000] kvm-clock: cpu 1, msr 0:1ff44041, secondary cpu clock
[    0.264000] TSC synchronization [CPU#0 -> CPU#1]:
[    0.264000] Measured 43985 cycles TSC warp between CPUs, turning off TSC clock.
[    0.264000] tsc: Marking TSC unstable due to check_tsc_sync_source failed
[    0.268254] smp: Brought up 1 node, 2 CPUs
[    0.272004] smpboot: Max logical packages: 1
[    0.276003] smpboot: Total of 2 processors activated (8447.99 BogoMIPS)
[    0.280214] devtmpfs: initialized
[    0.284062] x86/mm: Memory block size: 128MB
[    0.288086] evm: security.selinux
[    0.292003] evm: security.SMACK64
[    0.294930] evm: security.SMACK64EXEC
[    0.296002] evm: security.SMACK64TRANSMUTE
[    0.300002] evm: security.SMACK64MMAP
[    0.304002] evm: security.apparmor
[    0.308002] evm: security.ima
[    0.312002] evm: security.capability
[    0.316280] clocksource: jiffies: mask: 0xffffffff max_cycles: 0xffffffff, max_idle_ns: 7645041785100000 ns
[    0.320105] futex hash table entries: 512 (order: 3, 32768 bytes)
[    0.324041] pinctrl core: initialized pinctrl subsystem
[    0.332244] RTC time:  2:26:13, date: 07/12/24
[    0.336978] NET: Registered protocol family 16
[    0.340054] audit: initializing netlink subsys (disabled)
[    0.344139] audit: type=2000 audit(1720751179.042:1): state=initialized audit_enabled=0 res=1
[    0.356005] cpuidle: using governor ladder
[    0.364009] cpuidle: using governor menu
[    0.367873] ACPI: bus type PCI registered
[    0.368003] acpiphp: ACPI Hot Plug PCI Controller Driver version: 0.5
[    0.372317] PCI: Using configuration type 1 for base access
[    0.381022] HugeTLB registered 2.00 MiB page size, pre-allocated 0 pages
[    0.384418] ACPI: Added _OSI(Module Device)
[    0.388004] ACPI: Added _OSI(Processor Device)
[    0.392005] ACPI: Added _OSI(3.0 _SCP Extensions)
[    0.396004] ACPI: Added _OSI(Processor Aggregator Device)
[    0.400005] ACPI: Added _OSI(Linux-Dell-Video)
[    0.404003] ACPI: Added _OSI(Linux-Lenovo-NV-HDMI-Audio)
[    0.408002] ACPI: Added _OSI(Linux-HPI-Hybrid-Graphics)
[    0.412861] ACPI: Executed 1 blocks of module-level executable AML code
[    0.420174] ACPI: Interpreter enabled
[    0.424011] ACPI: (supports S0 S5)
[    0.427240] ACPI: Using IOAPIC for interrupt routing
[    0.432267] PCI: Using host bridge windows from ACPI; if necessary, use "pci=nocrs" and report a bug
[    0.436238] ACPI: Enabled 2 GPEs in block 00 to 07
[    0.451661] ACPI: PCI Root Bridge [PCI0] (domain 0000 [bus 00-ff])
[    0.452007] acpi PNP0A03:00: _OSC: OS supports [ASPM ClockPM Segments MSI]
[    0.456750] acpi PNP0A03:00: _OSC: not requesting OS control; OS requires [ExtendedConfig ASPM ClockPM MSI]
[    0.460011] acpi PNP0A03:00: fail to add MMCONFIG information, can't access extended PCI configuration space under this bridge.
[    0.468682] PCI host bridge to bus 0000:00
[    0.472003] pci_bus 0000:00: root bus resource [io  0x0000-0x0cf7 window]
[    0.476003] pci_bus 0000:00: root bus resource [io  0x0d00-0xffff window]
[    0.480003] pci_bus 0000:00: root bus resource [mem 0x000a0000-0x000bffff window]
[    0.484003] pci_bus 0000:00: root bus resource [mem 0x20000000-0xfdffffff window]
[    0.488003] pci_bus 0000:00: root bus resource [bus 00-ff]
[    0.500261] pci 0000:00:01.1: legacy IDE quirk: reg 0x10: [io  0x01f0-0x01f7]
[    0.504003] pci 0000:00:01.1: legacy IDE quirk: reg 0x14: [io  0x03f6]
[    0.508009] pci 0000:00:01.1: legacy IDE quirk: reg 0x18: [io  0x0170-0x0177]
[    0.512003] pci 0000:00:01.1: legacy IDE quirk: reg 0x1c: [io  0x0376]
[    0.541278] pci 0000:00:07.0: quirk: [io  0x4000-0x403f] claimed by PIIX4 ACPI
[    0.544037] pci 0000:00:07.0: quirk: [io  0x4100-0x410f] claimed by PIIX4 SMB
[    0.558737] ACPI: PCI Interrupt Link [LNKA] (IRQs 5 9 10 *11)
[    0.560516] ACPI: PCI Interrupt Link [LNKB] (IRQs 5 9 *10 11)
[    0.564197] ACPI: PCI Interrupt Link [LNKC] (IRQs 5 *9 10 11)
[    0.568198] ACPI: PCI Interrupt Link [LNKD] (IRQs 5 9 10 *11)
[    0.572730] SCSI subsystem initialized
[    0.576256] pci 0000:00:02.0: vgaarb: setting as boot VGA device
[    0.580000] pci 0000:00:02.0: vgaarb: VGA device added: decodes=io+mem,owns=io+mem,locks=none
[    0.580007] pci 0000:00:02.0: vgaarb: bridge control possible
[    0.584002] vgaarb: loaded
[    0.588051] ACPI: bus type USB registered
[    0.592017] usbcore: registered new interface driver usbfs
[    0.596030] usbcore: registered new interface driver hub
[    0.600010] usbcore: registered new device driver usb
[    0.604252] EDAC MC: Ver: 3.0.0
[    0.612390] PCI: Using ACPI for IRQ routing
[    0.616874] NetLabel: Initializing
[    0.620002] NetLabel:  domain hash size = 128
[    0.624001] NetLabel:  protocols = UNLABELED CIPSOv4 CALIPSO
[    0.628014] NetLabel:  unlabeled traffic allowed by default
[    0.636339] clocksource: Switched to clocksource kvm-clock
[    0.646120] VFS: Disk quotas dquot_6.6.0
[    0.646120] VFS: Dquot-cache hash table entries: 512 (order 0, 4096 bytes)
[    0.646120] AppArmor: AppArmor Filesystem Enabled
[    0.646120] pnp: PnP ACPI init
[    0.646120] pnp: PnP ACPI: found 3 devices
[    0.754106] clocksource: acpi_pm: mask: 0xffffff max_cycles: 0xffffff, max_idle_ns: 2085701024 ns
[    0.757044] NET: Registered protocol family 2
[    0.757044] IP idents hash table entries: 8192 (order: 4, 65536 bytes)
[    0.780138] TCP established hash table entries: 4096 (order: 3, 32768 bytes)
[    0.788715] TCP bind hash table entries: 4096 (order: 4, 65536 bytes)
[    0.792498] TCP: Hash tables configured (established 4096 bind 4096)
[    0.792498] UDP hash table entries: 256 (order: 1, 8192 bytes)
[    0.792498] UDP-Lite hash table entries: 256 (order: 1, 8192 bytes)
[    0.792498] NET: Registered protocol family 1
[    0.792498] pci 0000:00:00.0: Limiting direct PCI/PCI transfers
[    0.792498] pci 0000:00:01.0: Activating ISA DMA hang workarounds
[    0.792498] pci 0000:00:02.0: Video device with shadowed ROM at [mem 0x000c0000-0x000dffff]
[    0.792498] Unpacking initramfs...
[    1.323018] Freeing initrd memory: 19528K
[    1.328615] clocksource: tsc: mask: 0xffffffffffffffff max_cycles: 0x1e71768ef8b, max_idle_ns: 440795218977 ns
[    1.338174] platform rtc_cmos: registered platform RTC device (no PNP device found)
[    1.346137] Scanning for low memory corruption every 60 seconds
[    1.354797] Initialise system trusted keyrings
[    1.360378] Key type blacklist registered
[    1.365270] workingset: timestamp_bits=36 max_order=17 bucket_order=0
[    1.374824] zbud: loaded
[    1.379504] squashfs: version 4.0 (2009/01/31) Phillip Lougher
[    1.386775] fuse init (API version 7.26)
[    1.413067] Key type asymmetric registered
[    1.417860] Asymmetric key parser 'x509' registered
[    1.423380] Block layer SCSI generic (bsg) driver version 0.4 loaded (major 246)
[    1.431999] io scheduler noop registered
[    1.436746] io scheduler deadline registered
[    1.441027] io scheduler cfq registered (default)
[    1.446981] ACPI: AC Adapter [AC] (on-line)
[    1.451832] input: Power Button as /devices/LNXSYSTM:00/LNXPWRBN:00/input/input0
[    1.459629] ACPI: Power Button [PWRF]
[    1.464422] input: Sleep Button as /devices/LNXSYSTM:00/LNXSLPBN:00/input/input1
[    1.472464] ACPI: Sleep Button [SLPF]
[    1.479030] ACPI: Battery Slot [BAT0] (battery present)
[    1.480182] Serial: 8250/16550 driver, 32 ports, IRQ sharing enabled
[    1.519540] 00:02: ttyS0 at I/O 0x3f8 (irq = 4, base_baud = 115200) is a 16550A
[    1.522657] Linux agpgart interface v0.103
[    1.537654] loop: module loaded
[    1.544050] scsi host0: ata_piix
[    1.549053] scsi host1: ata_piix
[    1.552642] ata1: PATA max UDMA/33 cmd 0x1f0 ctl 0x3f6 bmdma 0xd000 irq 14
[    1.559480] ata2: PATA max UDMA/33 cmd 0x170 ctl 0x376 bmdma 0xd008 irq 15
[    1.566885] tun: Universal TUN/TAP device driver, 1.6
[    1.573355] PPP generic driver version 2.4.2
[    1.578740] ehci_hcd: USB 2.0 'Enhanced' Host Controller (EHCI) Driver
[    1.586281] ehci-pci: EHCI PCI platform driver
[    1.590239] ehci-platform: EHCI generic platform driver
[    1.596344] ohci_hcd: USB 1.1 'Open' Host Controller (OHCI) Driver
[    1.603364] ohci-pci: OHCI PCI platform driver
[    1.608263] ohci-platform: OHCI generic platform driver
[    1.613584] uhci_hcd: USB Universal Host Controller Interface driver
[    1.620303] i8042: PNP: PS/2 Controller [PNP0303:PS2K,PNP0f03:PS2M] at 0x60,0x64 irq 1,12
[    1.632247] serio: i8042 KBD port at 0x60,0x64 irq 1
[    1.637853] serio: i8042 AUX port at 0x60,0x64 irq 12
[    1.643725] mousedev: PS/2 mouse device common for all mice
[    1.652047] rtc_cmos rtc_cmos: rtc core: registered rtc_cmos as rtc0
[    1.660355] rtc_cmos rtc_cmos: alarms up to one day, 114 bytes nvram
[    1.667907] i2c /dev entries driver
[    1.672547] input: AT Translated Set 2 keyboard as /devices/platform/i8042/serio0/input/input2
[    1.681241] device-mapper: uevent: version 1.0.3
[    1.688213] device-mapper: ioctl: 4.37.0-ioctl (2017-09-20) initialised: dm-devel@redhat.com
[    1.697791] ledtrig-cpu: registered to indicate activity on CPUs
[    1.707068] NET: Registered protocol family 10
[    1.722826] Segment Routing with IPv6
[    1.732206] NET: Registered protocol family 17
[    1.759135] Key type dns_resolver registered
[    1.789865] mce: Using 0 MCE banks
[    1.794123] RAS: Correctable Errors collector initialized.
[    1.800193] sched_clock: Marking stable (1800067724, 0)->(2629086228, -829018504)
[    1.812897] registered taskstats version 1
[    1.817864] Loading compiled-in X.509 certificates
[    1.829808] Loaded X.509 cert 'Build time autogenerated kernel key: b5b26778eaa3ab3a4a6cee031137706e947d12ad'
[    1.840560] Loaded X.509 cert 'Canonical Ltd. Live Patch Signing: 14df34d1a87cf37625abec039ef2bf521249b969'
[    1.851569] Loaded X.509 cert 'Canonical Ltd. Kernel Module Signing: 88f752e560a1e0737e31163a466ad7b70a850c19'
[    1.864094] blacklist: Loading compiled-in revocation X.509 certificates
[    1.874169] Loaded X.509 cert 'Canonical Ltd. Secure Boot Signing: 61482aa2830d0ab2ad5af10b7250da9033ddcef0'
[    1.885920] Loaded X.509 cert 'Canonical Ltd. Secure Boot Signing (2017): 242ade75ac4a15e50d50c84b0d45ff3eae707a03'
[    1.899293] Loaded X.509 cert 'Canonical Ltd. Secure Boot Signing (ESM 2018): 365188c1d374d6b07c3c8f240f8ef722433d6a8b'
[    1.911324] Loaded X.509 cert 'Canonical Ltd. Secure Boot Signing (2019): c0746fd6c5da3ae827864651ad66ae47fe24b3e8'
[    1.924113] Loaded X.509 cert 'Canonical Ltd. Secure Boot Signing (2021 v1): a8d54bbb3825cfb94fa13c9f8a594a195c107b8d'
[    1.935455] Loaded X.509 cert 'Canonical Ltd. Secure Boot Signing (2021 v2): 4cf046892d6fd3c9a5b03f98d845f90851dc6a8c'
[    1.946585] Loaded X.509 cert 'Canonical Ltd. Secure Boot Signing (2021 v3): 100437bb6de6e469b581e61cd66bce3ef4ed53af'
[    1.958043] Loaded X.509 cert 'Canonical Ltd. Secure Boot Signing (Ubuntu Core 2019): c1d57b8f6b743f23ee41f4f7ee292f06eecadfb9'
[    1.970259] zswap: loaded using pool lzo/zbud
[    1.987664] Key type big_key registered
[    1.992391] Key type trusted registered
[    2.002518] Key type encrypted registered
[    2.007774] AppArmor: AppArmor sha1 policy hashing enabled
[    2.014032] ima: No TPM chip found, activating TPM-bypass! (rc=-19)
[    2.021626] ima: Allocated hash algorithm: sha1
[    2.027023] evm: HMAC attrs: 0x1
[    2.032061]   Magic number: 0:491:409
[    2.036958] rtc_cmos rtc_cmos: setting system clock to 2024-07-12 02:26:15 UTC (1720751175)
[    2.047156] BIOS EDD facility v0.16 2004-Jun-25, 0 devices found
[    2.054402] EDD information not available.
[    2.063311] Freeing unused kernel image memory: 2480K
[    2.092135] Write protecting the kernel read-only data: 20480k
[    2.100778] Freeing unused kernel image memory: 2008K
[    2.107129] Freeing unused kernel image memory: 1820K
[    2.119077] x86/mm: Checked W+X mappings: passed, no W+X pages found.
[    2.125889] x86/mm: Checking user space page tables
[    2.136896] x86/mm: Checked W+X mappings: passed, no W+X pages found.
Loading, please wait...
starting version 237
[    2.233564] Fusion MPT base driver 3.04.20
[    2.239155] Copyright (c) 1999-2008 LSI Corporation
[    2.247738] e1000: Intel(R) PRO/1000 Network Driver - version 7.3.21-k8-NAPI
[    2.255841] e1000: Copyright (c) 1999-2006 Intel Corporation.
[    2.291446] SSE version of gcm_enc/dec engaged.
[    2.302909] Fusion MPT SPI Host driver 3.04.20
[    2.504715] input: ImExPS/2 Generic Explorer Mouse as /devices/platform/i8042/serio1/input/input4
[    3.034841] e1000 0000:00:03.0 eth0: (PCI:33MHz:32-bit) 02:3b:7b:b7:3b:2d
[    3.042558] e1000 0000:00:03.0 eth0: Intel(R) PRO/1000 Network Connection
[    3.734050] e1000 0000:00:08.0 eth1: (PCI:33MHz:32-bit) 08:00:27:5d:4a:7e
[    3.741337] e1000 0000:00:08.0 eth1: Intel(R) PRO/1000 Network Connection
[    3.751013] e1000 0000:00:08.0 enp0s8: renamed from eth1
[    3.760834] mptbase: ioc0: Initiating bringup
[    3.773055] e1000 0000:00:03.0 enp0s3: renamed from eth0
[    3.882075] ioc0: LSI53C1030 A0: Capabilities={Initiator}
[    4.146797] scsi host2: ioc0: LSI53C1030 A0, FwRev=00000000h, Ports=1, MaxQ=256, IRQ=20
[    4.325717] scsi 2:0:0:0: Direct-Access     VBOX     HARDDISK         1.0  PQ: 0 ANSI: 5
[    4.371392] scsi target2:0:0: Beginning Domain Validation
[    4.384172] scsi target2:0:0: Domain Validation skipping write tests
[    4.390318] scsi target2:0:0: Ending Domain Validation
[    4.395884] scsi target2:0:0: asynchronous
[    4.401991] scsi 2:0:1:0: Direct-Access     VBOX     HARDDISK         1.0  PQ: 0 ANSI: 5
[    5.730009] scsi target2:0:1: Beginning Domain Validation
[    5.765014] scsi target2:0:1: Domain Validation skipping write tests
[    5.771915] scsi target2:0:1: Ending Domain Validation
[    5.777127] scsi target2:0:1: asynchronous
[    5.794106] sd 2:0:0:0: Attached scsi generic sg0 type 0
[    5.799662] sd 2:0:0:0: [sda] 83886080 512-byte logical blocks: (42.9 GB/40.0 GiB)
[    5.813988] sd 2:0:0:0: [sda] Write Protect is off
[    5.816363] sd 2:0:1:0: Attached scsi generic sg1 type 0
[    5.828450] sd 2:0:0:0: [sda] Incomplete mode parameter data
[    5.834902] sd 2:0:0:0: [sda] Assuming drive cache: write through
[    5.841343] sd 2:0:1:0: [sdb] 20480 512-byte logical blocks: (10.5 MB/10.0 MiB)
[    5.849636] sd 2:0:1:0: [sdb] Write Protect is off
[    5.856202] sd 2:0:1:0: [sdb] Incomplete mode parameter data
[    5.860649]  sda: sda1
[    5.862810] sd 2:0:1:0: [sdb] Assuming drive cache: write through
[    5.869696] sd 2:0:0:0: [sda] Attached SCSI disk
[    5.890730] sd 2:0:1:0: [sdb] Attached SCSI disk
Begin: Loading essential drivers ... [    8.301327] raid6: sse2x1   gen() 105596 MB/s
[   10.303462] raid6: sse2x1   xor() 229961 MB/s
[   11.302511] raid6: sse2x2   gen() 395651 MB/s
[   12.304963] raid6: sse2x2   xor() 256334 MB/s
[   13.301808] raid6: sse2x4   gen() 403465 MB/s
[   13.353342] raid6: sse2x4   xor()  9752 MB/s
[   13.358866] raid6: using algorithm sse2x4 gen() 403465 MB/s
[   13.365833] raid6: .... xor() 9752 MB/s, rmw enabled
[   13.372923] raid6: using ssse3x2 recovery algorithm
[   13.381962] xor: measuring software checksum speed
[   13.428108]    prefetch64-sse: 18852.000 MB/sec
[   13.472792]    generic_sse: 17769.000 MB/sec
[   13.478414] xor: using function: prefetch64-sse (18852.000 MB/sec)
[   13.487083] async_tx: api initialized (async)
done.
Begin: Running /scripts/init-premount ... done.
Begin: Mounting root file system ... Begin: Running /scripts/local-top ... done.
Begin: Running /scripts/local-premount ... [   13.664421] Btrfs loaded, crc32c=crc32c-intel
Scanning for Btrfs filesystems
done.
Warning: fsck not present, so skipping root file system
[   13.749658] EXT4-fs (sda1): mounted filesystem with ordered data mode. Opts: (null)
done.
Begin: Running /scripts/local-bottom ... done.
Begin: Running /scripts/init-bottom ... done.
[   14.067097] ip_tables: (C) 2000-2006 Netfilter Core Team
[   14.091994] systemd[1]: systemd 237 running in system mode. (+PAM +AUDIT +SELINUX +IMA +APPARMOR +SMACK +SYSVINIT +UTMP +LIBCRYPTSETUP +GCRYPT +GNUTLS +ACL +XZ +LZ4 +SECCOMP +BLKID +ELFUTILS +KMOD -IDN2 +IDN -PCRE2 default-hierarchy=hybrid)
[   14.113350] systemd[1]: Detected virtualization oracle.
[   14.119115] systemd[1]: Detected architecture x86-64.

Welcome to [1mUbuntu 18.04.6 LTS[0m!

[   14.155561] systemd[1]: Set hostname to <ubuntu>.
[   14.166759] systemd[1]: Initializing machine ID from random generator.
[   14.173862] systemd[1]: Installed transient /etc/machine-id file.
[   14.602510] systemd[1]: Created slice System Slice.
[[0;32m  OK  [0m] Created slice System Slice.
[   14.609688] systemd[1]: Listening on LVM2 poll daemon socket.
[[0;32m  OK  [0m] Listening on LVM2 poll daemon socket.
[   14.617979] systemd[1]: Listening on Journal Socket.
[[0;32m  OK  [0m] Listening on Journal Socket.
[   14.626198] systemd[1]: Starting Uncomplicated firewall...
         Starting Uncomplicated firewall...
[[0;32m  OK  [0m] Listening on udev Control Socket.
[[0;32m  OK  [0m] Created slice system-serial\x2dgetty.slice.
[[0;32m  OK  [0m] Started Forward Password Requests to Wall Directory Watch.
[[0;32m  OK  [0m] Listening on udev Kernel Socket.
[[0;32m  OK  [0m] Listening on LVM2 metadata daemon socket.
[[0;32m  OK  [0m] Listening on fsck to fsckd communication Socket.
         Starting File System Check on Root Device...
         Mounting POSIX Message Queue File System...
         Starting udev Coldplug all Devices...
         Mounting Kernel Debug File System...
[[0;32m  OK  [0m] Reached target User and Group Name Lookups.
[[0;32m  OK  [0m] Listening on Device-mapper event daemon FIFOs.
         Starting Create list of required st…ce nodes for the current kernel...
[[0;32m  OK  [0m] Reached target Swap.
         Starting Load Kernel Modules...
[[0;32m  OK  [0m] Listening on Syslog Socket.
[[0;32m  OK  [0m] Listening on /dev/initctl Compatibility Named Pipe.
[[0;32m  OK  [0m] Reached target System Time Synchronized.
[[0;32m  OK  [0m] Reached target Mounting snaps.
[[0;32m  OK  [0m] Reached target Mounted snaps.
[[0;32m  OK  [0m] Listening on Journal Audit Socket.
[   14.735782] Loading iSCSI transport class v2.0-870.
         Starting Set the console keyboard layout...
[[0;32m  OK  [0m] Set up automount Arbitrary Executab…rmats File System Automount Point.
[   14.761176] iscsi: registered transport (tcp)
[   14.792522] iscsi: registered transport (iser)
[[0;32m  OK  [0m] Listening on Network Service Netlink Socket.
[[0;32m  OK  [0m] Listening on Journal Socket (/dev/log).
         Starting Journal Service...
         Starting Monitoring of LVM2 mirrors…ng dmeventd or progress polling...
[[0;32m  OK  [0m] Created slice User and Session Slice.
[[0;32m  OK  [0m] Reached target Slices.
         Mounting Huge Pages File System...
[[0;32m  OK  [0m] Started Uncomplicated firewall.
[[0;32m  OK  [0m] Started File System Check on Root Device.
[[0;32m  OK  [0m] Mounted POSIX Message Queue File System.
[[0;32m  OK  [0m] Mounted Kernel Debug File System.
[[0;32m  OK  [0m] Started Create list of required sta…vice nodes for the current kernel.
[[0;32m  OK  [0m] Started Load Kernel Modules.
[[0;32m  OK  [0m] Mounted Huge Pages File System.
[[0;32m  OK  [0m] Started File System Check Daemon to report status.
         Starting Apply Kernel Variables...
         Mounting FUSE Control File System...
         Mounting Kernel Configuration File System...
         Starting Create Static Device Nodes in /dev...
         Starting Remount Root and Kernel File Systems...
[[0;32m  OK  [0m] Mounted FUSE Control File System.
[[0;32m  OK  [0m] Mounted Kernel Configuration File System.
[[0;32m  OK  [0m] Started LVM2 metadata daemon.
[[0;32m  OK  [0m] Started udev Coldplug all Devices.
[[0;32m  OK  [0m] Started Create Static Device Nodes in /dev.
[[0;32m  OK  [0m] Started Journal Service.
[[0;32m  OK  [0m] Started Remount Root and Kernel File Systems.
         Starting Flush Journal to Persistent Storage...
         Starting Load/Save Random Seed...
         Starting udev Kernel Device Manager...
[[0;32m  OK  [0m] Started Apply Kernel Variables.
[[0;32m  OK  [0m] Started Load/Save Random Seed.
[[0;32m  OK  [0m] Started Monitoring of LVM2 mirrors,…sing dmeventd or progress polling.
[[0;32m  OK  [0m] Started udev Kernel Device Manager.
[[0;32m  OK  [0m] Started Flush Journal to Persistent Storage.
[[0;32m  OK  [0m] Started Set the console keyboard layout.
[[0;32m  OK  [0m] Reached target Local File Systems (Pre).
[[0;32m  OK  [0m] Reached target Local File Systems.
         Starting Create Volatile Files and Directories...
         Starting Commit a transient machine-id on disk...
         Starting AppArmor initialization...
         Starting ebtables ruleset management...
         Starting Tell Plymouth To Write Out Runtime Data...
         Starting Set console font and keymap...
[[0;32m  OK  [0m] Started Dispatch Password Requests to Console Directory Watch.
[[0;32m  OK  [0m] Reached target Local Encrypted Volumes.
[[0;32m  OK  [0m] Started Create Volatile Files and Directories.
[[0;32m  OK  [0m] Found device /dev/ttyS0.
         Starting Update UTMP about System Boot/Shutdown...
[[0;32m  OK  [0m] Started Tell Plymouth To Write Out Runtime Data.
[[0;32m  OK  [0m] Started Update UTMP about System Boot/Shutdown.
[[0;32m  OK  [0m] Started Commit a transient machine-id on disk.
[[0;32m  OK  [0m] Started ebtables ruleset management.
[[0;32m  OK  [0m] Listening on Load/Save RF Kill Switch Status /dev/rfkill Watch.
         Mounting Arbitrary Executable File Formats File System...
[[0;32m  OK  [0m] Mounted Arbitrary Executable File Formats File System.
[[0;32m  OK  [0m] Started AppArmor initialization.
         Starting Load AppArmor profiles managed internally by snapd...
         Starting Initial cloud-init job (pre-networking)...
[[0;32m  OK  [0m] Started Load AppArmor profiles managed internally by snapd.
[[0;32m  OK  [0m] Started Set console font and keymap.
[   19.486402] cloud-init[758]: Cloud-init v. 23.1.2-0ubuntu0~18.04.1 running 'init-local' at Fri, 12 Jul 2024 02:26:32 +0000. Up 19.01 seconds.
[[0;32m  OK  [0m] Started Initial cloud-init job (pre-networking).
[[0;32m  OK  [0m] Reached target Network (Pre).
         Starting Network Service...
[[0;32m  OK  [0m] Started Network Service.
         Starting Network Name Resolution...
         Starting Wait for Network to be Configured...
[[0;32m  OK  [0m] Started Network Name Resolution.
[[0;32m  OK  [0m] Reached target Network.
[[0;32m  OK  [0m] Reached target Host and Network Name Lookups.
[[0;32m  OK  [0m] Started Wait for Network to be Configured.
         Starting Initial cloud-init job (metadata service crawler)...
[   21.583597] cloud-init[894]: Cloud-init v. 23.1.2-0ubuntu0~18.04.1 running 'init' at Fri, 12 Jul 2024 02:26:34 +0000. Up 21.46 seconds.
[   21.592643] cloud-init[894]: ci-info: ++++++++++++++++++++++++++++++++++++++Net device info+++++++++++++++++++++++++++++++++++++++
[   21.599620] cloud-init[894]: ci-info: +--------+-------+----------------------------+---------------+--------+-------------------+
[   21.606304] cloud-init[894]: ci-info: | Device |   Up  |          Address           |      Mask     | Scope  |     Hw-Address    |
[   21.613465] cloud-init[894]: ci-info: +--------+-------+----------------------------+---------------+--------+-------------------+
[   21.620443] cloud-init[894]: ci-info: | enp0s3 |  True |         10.0.2.15          | 255.255.255.0 | global | 02:3b:7b:b7:3b:2d |
[   21.627595] cloud-init[894]: ci-info: | enp0s3 |  True | fe80::3b:7bff:feb7:3b2d/64 |       .       |  link  | 02:3b:7b:b7:3b:2d |
[   21.637850] cloud-init[894]: ci-info: | enp0s8 | False |             .              |       .       |   .    | 08:00:27:5d:4a:7e |
[   21.645367] cloud-init[894]: ci-info: |   lo   |  True |         127.0.0.1          |   255.0.0.0   |  host  |         .         |
[   21.652677] cloud-init[894]: ci-info: |   lo   |  True |          ::1/128           |       .       |  host  |         .         |
[   21.660035] cloud-init[894]: ci-info: +--------+-------+----------------------------+---------------+--------+-------------------+
[   21.668455] cloud-init[894]: ci-info: ++++++++++++++++++++++++++++Route IPv4 info+++++++++++++++++++++++++++++
[   21.675512] cloud-init[894]: ci-info: +-------+-------------+----------+-----------------+-----------+-------+
[   21.681654] cloud-init[894]: ci-info: | Route | Destination | Gateway  |     Genmask     | Interface | Flags |
[   21.691003] cloud-init[894]: ci-info: +-------+-------------+----------+-----------------+-----------+-------+
[   21.698814] cloud-init[894]: ci-info: |   0   |   0.0.0.0   | 10.0.2.2 |     0.0.0.0     |   enp0s3  |   UG  |
[   21.705855] cloud-init[894]: ci-info: |   1   |   10.0.2.0  | 0.0.0.0  |  255.255.255.0  |   enp0s3  |   U   |
[   21.712322] cloud-init[894]: ci-info: |   2   |   10.0.2.2  | 0.0.0.0  | 255.255.255.255 |   enp0s3  |   UH  |
[   21.718440] cloud-init[894]: ci-info: +-------+-------------+----------+-----------------+-----------+-------+
[   21.725038] cloud-init[894]: ci-info: +++++++++++++++++++Route IPv6 info+++++++++++++++++++
[   21.731272] cloud-init[894]: ci-info: +-------+-------------+---------+-----------+-------+
[   21.737126] cloud-init[894]: ci-info: | Route | Destination | Gateway | Interface | Flags |
[   21.747814] cloud-init[894]: ci-info: +-------+-------------+---------+-----------+-------+
[   21.758419] cloud-init[894]: ci-info: |   1   |  fe80::/64  |    ::   |   enp0s3  |   U   |
[   21.768371] cloud-init[894]: ci-info: |   3   |    local    |    ::   |   enp0s3  |   U   |
[   21.775226] cloud-init[894]: ci-info: |   4   |   ff00::/8  |    ::   |   enp0s3  |   U   |
[   21.781920] cloud-init[894]: ci-info: +-------+-------------+---------+-----------+-------+
[   22.712398] cloud-init[894]: Generating public/private rsa key pair.
[   22.717388] cloud-init[894]: Your identification has been saved in /etc/ssh/ssh_host_rsa_key.
[   22.723363] cloud-init[894]: Your public key has been saved in /etc/ssh/ssh_host_rsa_key.pub.
[   22.729426] cloud-init[894]: The key fingerprint is:
[   22.733938] cloud-init[894]: SHA256:6E6wiLMjSxFsrTuhT7PE/iom5kgHwFSKCgcajiblkSc root@ubuntu-bionic
[   22.739689] cloud-init[894]: The key's randomart image is:
[   22.744080] cloud-init[894]: +---[RSA 2048]----+
[   22.748721] cloud-init[894]: |o.+o             |
[   22.753064] cloud-init[894]: |O=E..            |
[[0;32m  OK  [0m] Started Initial cloud-init job (metadata service crawler).
[[0;32m  OK  [0m] Reached target Cloud-config availability.
[[0;32m  OK  [0m[   22.757552] cloud-init[894]: |BOo+             |
[   22.770186] cloud-init[894]: |B.o    .         |
[   22.770220] cloud-init[894]: |.=  . . S        |
[   22.770677] cloud-init[894]: |.o=. +           |
[   22.771131] cloud-init[894]: |+=*.. o          |
[   22.771602] cloud-init[894]: |OXoo o           |
[   22.771633] cloud-init[894]: |X==o. .          |
[   22.771674] cloud-init[894]: +----[SHA256]-----+
[   22.771701] cloud-init[894]: Generating public/private dsa key pair.
[   22.772668] cloud-init[894]: Your identification has been saved in /etc/ssh/ssh_host_dsa_key.
[   22.773173] cloud-init[894]: Your public key has been saved in /etc/ssh/ssh_host_dsa_key.pub.
[   22.773612] cloud-init[894]: The key fingerprint is:
[   22.774017] cloud-init[894]: SHA256:J2bnRuF8HK6RWWhlFJjFq7JdTlfGtg0vfD6iPvJ8F2E root@ubuntu-bionic
[   22.774444] cloud-init[894]: The key's randomart image is:
[   22.774837] cloud-init[894]: +---[DSA 1024]----+
[   22.775234] cloud-init[894]: |           **.   |
[   22.775619] cloud-init[894]: |          o+.    |
[   22.776056] cloud-init[894]: |          + o. . |
[   22.776222] cloud-init[894]: |         + B...E=|
[   22.776266] cloud-init[894]: |        S X.+..*+|
[   22.776709] cloud-init[894]: |       o.*.+o +o+|
[   22.777096] cloud-init[894]: |         +++ . +.|
[   22.777482] cloud-init[894]: |        .oo..o o.|
[   22.777891] cloud-init[894]: |          +=+ o .|
[   22.778281] cloud-init[894]: +----[SHA256]-----+
[   22.778671] cloud-init[894]: Generating public/private ecdsa key pair.
[   22.779062] cloud-init[894]: Your identification has been saved in /etc/ssh/ssh_host_ecdsa_key.
[   22.779488] cloud-init[894]: Your public key has been saved in /etc/ssh/ssh_host_ecdsa_key.pub.
[   22.779522] cloud-init[894]: The key fingerprint is:
[   22.779550] cloud-init[894]: SHA256:MkWYTINXfF4ilUgC75VJZq//9YZnusdX6eGoV/z6Cho root@ubuntu-bionic
[   22.780001] cloud-init[894]: The key's randomart image is:
[   22.780825] cloud-init[894]: +---[ECDSA 256]---+
[   22.781214] cloud-init[894]: |    .=+*Bo..     |
[   22.781603] cloud-init[894]: |    ..=B+++ .    |
[   22.781991] cloud-init[894]: |     .. =+.o     |
[   22.782379] cloud-init[894]: |     . o ..      |
[   22.782773] cloud-init[894]: |      + S     . .|
[   22.783160] cloud-init[894]: |       o .     =.|
[   22.783585] cloud-init[894]: |          E . *o+|
[   22.783975] cloud-init[894]: |           + =.+O|
[   22.784803] cloud-init[894]: |          ..+ =@+|
[   22.785184] cloud-init[894]: +----[SHA256]-----+
[   22.785602] cloud-init[894]: Generating public/private ed25519 key pair.
[   22.785633] cloud-init[894]: Your identification has been saved in /etc/ssh/ssh_host_ed25519_key.
[   22.785666] cloud-init[894]: Your public key has been saved in /etc/ssh/ssh_host_ed25519_key.pub.
[   22.785707] cloud-init[894]: The key fingerprint is:
[   22.785732] cloud-init[894]: SHA256:E1hpeOeWQRO0PRuSazY+2mdv14W+OxWEO8iljjUB1K4 root@ubuntu-bionic
[   22.785760] cloud-init[894]: The key's randomart image is:
[   22.785788] cloud-init[894]: +--[ED25519 256]--+
[   22.786296] cloud-init[894]: |       .o*B.  .  |
[   22.786714] cloud-init[894]: |      .o+ oB o . |
[   22.787169] cloud-init[894]: |      .o.o*oO o  |
[   22.787196] cloud-init[894]: |         .+X * . |
[   22.787225] cloud-init[894]: |        S.X o ...|
[   22.787266] cloud-init[894]: |         E o  . o|
[   22.787739] cloud-init[894]: |          o  . .o|
[   22.788839] cloud-init[894]: |         o .o + o|
[   22.789314] cloud-init[894]: |        . .o o+= |
[   22.789838] cloud-init[894]: +----[SHA256]-----+
] Reached target System Initialization.
[[0;32m  OK  [0m] Started Ubuntu Advantage Timer for running repeated jobs.
[[0;32m  OK  [0m] Listening on UUID daemon activation socket.
         Starting LXD - unix socket.
[[0;32m  OK  [0m] Listening on cloud-init hotplug hook socket.
         Starting Socket activation for snappy daemon.
[[0;32m  OK  [0m] Started Daily apt download activities.
[[0;32m  OK  [0m] Started Daily apt upgrade and clean activities.
[[0;32m  OK  [0m] Listening on Open-iSCSI iscsid Socket.
[[0;32m  OK  [0m] Listening on D-Bus System Message Bus Socket.
[[0;32m  OK  [0m] Started Message of the Day.
[[0;32m  OK  [0m] Started Discard unused blocks once a week.
[[0;32m  OK  [0m] Started Daily Cleanup of Temporary Directories.
[[0;32m  OK  [0m] Reached target Timers.
[[0;32m  OK  [0m] Started ACPI Events Check.
[[0;32m  OK  [0m] Listening on ACPID Listen Socket.
[[0;32m  OK  [0m] Reached target Paths.
[[0;32m  OK  [0m] Reached target Network is Online.
         Starting Availability of block devices...
[[0;32m  OK  [0m] Reached target Remote File Systems (Pre).
[[0;32m  OK  [0m] Reached target Remote File Systems.
[[0;32m  OK  [0m] Listening on LXD - unix socket.
[[0;32m  OK  [0m] Listening on Socket activation for snappy daemon.
[[0;32m  OK  [0m] Started Availability of block devices.
[[0;32m  OK  [0m] Reached target Sockets.
[[0;32m  OK  [0m] Reached target Basic System.
         Starting Dispatcher daemon for systemd-networkd...
         Starting Login Service...
[[0;32m  OK  [0m] Started FUSE filesystem for LXC.
[[0;32m  OK  [0m] Started D-Bus System Message Bus.
         Starting LSB: Record successful boot for GRUB...
[[0;32m  OK  [0m] Started irqbalance daemon.
         Starting LXD - container startup/shutdown...
         Starting Accounts Service...
         Starting System Logging Service...
         Starting Permit User Sessions...
[[0;32m  OK  [0m] Started Regular background program processing daemon.
[[0;32m  OK  [0m] Started Deferred execution scheduler.
         Starting Virtualbox guest utils...
         Starting LSB: automatic crash report generation...
[[0;32m  OK  [0m] Reached target Login Prompts (Pre).
         Starting Pollinate to seed the pseudo random number generator...
         Starting Snap Daemon...
[[0;32m  OK  [0m] Started System Logging Service.
[[0;32m  OK  [0m] Started Permit User Sessions.
[[0;32m  OK  [0m] Started Dispatcher daemon for systemd-networkd.
[[0;32m  OK  [0m] Started Login Service.
         Starting Authorization Manager...
[[0;32m  OK  [0m] Started Unattended Upgrades Shutdown.
         Starting Hold until boot process finishes up...
         Starting Terminate Plymouth Boot Screen...
[[0;32m  OK  [0m] Started Hold until boot process finishes up.
[[0;32m  OK  [0m] Started Serial Getty on ttyS0.
         Starting Set console scheme...
[[0;32m  OK  [0m] Started Terminate Plymouth Boot Screen.
[[0;32m  OK  [0m] Started LSB: automatic crash report generation.
[[0;32m  OK  [0m] Started LXD - container startup/shutdown.
[[0;32m  OK  [0m] Started Set console scheme.
[[0;32m  OK  [0m] Started LSB: Record successful boot for GRUB.
[[0;32m  OK  [0m] Created slice system-getty.slice.
[[0;32m  OK  [0m] Started Getty on tty1.
[[0;32m  OK  [0m] Reached target Login Prompts.
[[0;32m  OK  [0m] Started Authorization Manager.
[[0;32m  OK  [0m] Started Accounts Service.
[[0;32m  OK  [0m] Started Virtualbox guest utils.
[[0;32m  OK  [0m] Started Snap Daemon.
         Starting Wait until snapd is fully seeded...
[[0;32m  OK  [0m] Started Pollinate to seed the pseudo random number generator.
         Starting OpenBSD Secure Shell server...
[[0;32m  OK  [0m] Started OpenBSD Secure Shell server.
         Starting Time & Date Service...
[[0;32m  OK  [0m] Started Time & Date Service.
[[0;32m  OK  [0m] Created slice User Slice of vagrant.
         Starting User Manager for UID 1000...
[[0;32m  OK  [0m] Started Session 1 of user vagrant.
[[0;32m  OK  [0m] Started User Manager for UID 1000.
[[0;32m  OK  [0m] Started Wait until snapd is fully seeded.
         Starting Apply the settings specified in cloud-config...

Ubuntu 18.04.6 LTS ubuntu-bionic ttyS0

ubuntu-bionic login: [   29.797422] cloud-init[1534]: Cloud-init v. 23.1.2-0ubuntu0~18.04.1 running 'modules:config' at Fri, 12 Jul 2024 02:26:41 +0000. Up 28.16 seconds.
ci-info: no authorized SSH keys fingerprints found for user ubuntu.
<14>Jul 12 02:26:44 cloud-init: #############################################################
<14>Jul 12 02:26:44 cloud-init: -----BEGIN SSH HOST KEY FINGERPRINTS-----
<14>Jul 12 02:26:44 cloud-init: 1024 SHA256:J2bnRuF8HK6RWWhlFJjFq7JdTlfGtg0vfD6iPvJ8F2E root@ubuntu-bionic (DSA)
<14>Jul 12 02:26:44 cloud-init: 256 SHA256:MkWYTINXfF4ilUgC75VJZq//9YZnusdX6eGoV/z6Cho root@ubuntu-bionic (ECDSA)
<14>Jul 12 02:26:44 cloud-init: 256 SHA256:E1hpeOeWQRO0PRuSazY+2mdv14W+OxWEO8iljjUB1K4 root@ubuntu-bionic (ED25519)
<14>Jul 12 02:26:44 cloud-init: 2048 SHA256:6E6wiLMjSxFsrTuhT7PE/iom5kgHwFSKCgcajiblkSc root@ubuntu-bionic (RSA)
<14>Jul 12 02:26:44 cloud-init: -----END SSH HOST KEY FINGERPRINTS-----
<14>Jul 12 02:26:44 cloud-init: #############################################################
-----BEGIN SSH HOST KEY KEYS-----
ecdsa-sha2-nistp256 AAAAE2VjZHNhLXNoYTItbmlzdHAyNTYAAAAIbmlzdHAyNTYAAABBBCJF5CEjRR7XbpukMGfpKXTzqGBrmEScNMJUStkspQkoxV9dd/4OUGSeBMdIWtmo1ctmCIVUdmSGJyC9AKi9vnU= root@ubuntu-bionic
ssh-ed25519 AAAAC3NzaC1lZDI1NTE5AAAAIHaXgRzDVEDSwJJH7mNkABClY9j7lMRN7AfPM9Kiqz0i root@ubuntu-bionic
ssh-rsa AAAAB3NzaC1yc2EAAAADAQABAAABAQDM5ehhJ1GdToDzsExY5X3ZBaDS6AYpZk6AmQ48hJFPIBscdm68cN/z5E1XvZ64ORSpgn4ukgJSstUTIC992Psf4VV7bsw1/7m//t33hGXFNTvQ+n+eN3fMrIQH8lvi4hl/DRJqLRTI+B/LDvudZpAaX8Bks68QXgeJkMfLjzYup7Zg2GhvmtLCPWJL96/A1bB89DLnw4kNSZ+RCozWmLa/zwftlXEnh2qnY5W2uNHScmPlOAv1jt9kpixskvaLK6GRiaYAfBf6UJTRZyLUZTKkDQs1++rXbWG0ozyPhjlIgcBsQ+AsMJB0VIhaKAavBlEzKcMYREEZAZ1/Yztw6Hq7 root@ubuntu-bionic
-----END SSH HOST KEY KEYS-----
[   31.298025] cloud-init[1716]: Cloud-init v. 23.1.2-0ubuntu0~18.04.1 running 'modules:final' at Fri, 12 Jul 2024 02:26:44 +0000. Up 30.91 seconds.
[   31.314029] cloud-init[1716]: Cloud-init v. 23.1.2-0ubuntu0~18.04.1 finished at Fri, 12 Jul 2024 02:26:44 +0000. Datasource DataSourceNoCloud [seed=/dev/sdb][dsmode=net].  Up 31.22 seconds
